2025-01-28 07:21:36,657 [ERROR] [ConfigUtils] Error decoding JSON from invalid_config.json: Expecting property name enclosed in double quotes: line 1 column 3 (char 2)
2025-01-28 07:21:36,657 [WARNING] [ConfigUtils] File does not exist: non_existent.json. Returning empty data.
2025-01-28 07:21:36,659 [INFO] [ConfigUtils] Successfully saved data to test_save.json.
2025-01-28 07:21:36,669 [INFO] [ConfigUtils] Successfully saved data to valid_config.json.
2025-01-28 07:21:36,685 [WARNING] [ConfigUtils] Validation failed for missing_keys_config.json. Missing keys: ['company_settings']
2025-01-28 07:21:36,685 [INFO] [ConfigUtils] Validation passed for valid_config.json.
2025-01-28 07:27:10,577 [ERROR] [ConfigUtils] Error decoding JSON from invalid_config.json: Expecting property name enclosed in double quotes: line 1 column 3 (char 2)
2025-01-28 07:27:10,578 [WARNING] [ConfigUtils] File does not exist: non_existent.json. Returning empty data.
2025-01-28 07:27:10,581 [INFO] [ConfigUtils] Successfully saved data to test_save.json.
2025-01-28 07:29:46,188 [ERROR] [ConfigUtils] Error decoding JSON from invalid_config.json: Expecting property name enclosed in double quotes: line 1 column 3 (char 2)
2025-01-28 07:29:46,189 [WARNING] [ConfigUtils] File does not exist: non_existent.json. Returning empty data.
2025-01-28 07:29:46,192 [INFO] [ConfigUtils] Successfully saved data to test_save.json.
2025-01-28 07:30:34,106 [INFO] [ConfigUtils] Successfully saved data to valid_config.json.
2025-01-28 07:30:34,108 [INFO] [ConfigUtils] Successfully saved data to missing_keys_config.json.
2025-01-28 07:30:34,112 [INFO] [ConfigUtils] Successfully saved data to valid_config.json.
2025-01-28 07:30:34,113 [INFO] [ConfigUtils] Successfully saved data to missing_keys_config.json.
2025-01-28 07:30:34,116 [INFO] [ConfigUtils] Successfully saved data to valid_config.json.
2025-01-28 07:30:34,118 [INFO] [ConfigUtils] Successfully saved data to missing_keys_config.json.
2025-01-28 07:30:34,129 [ERROR] [ConfigUtils] Error decoding JSON from invalid_config.json: Expecting property name enclosed in double quotes: line 1 column 2 (char 1)
2025-01-28 07:30:34,132 [INFO] [ConfigUtils] Successfully saved data to valid_config.json.
2025-01-28 07:30:34,134 [INFO] [ConfigUtils] Successfully saved data to missing_keys_config.json.
2025-01-28 07:30:34,147 [INFO] [ConfigUtils] Successfully saved data to valid_config.json.
2025-01-28 07:30:34,148 [INFO] [ConfigUtils] Successfully saved data to missing_keys_config.json.
2025-01-28 07:30:34,150 [INFO] [ConfigUtils] Successfully saved data to test_save.json.
2025-01-28 07:30:34,155 [INFO] [ConfigUtils] Successfully saved data to valid_config.json.
2025-01-28 07:30:34,157 [INFO] [ConfigUtils] Successfully saved data to missing_keys_config.json.
2025-01-28 07:30:34,161 [INFO] [ConfigUtils] Successfully saved data to valid_config.json.
2025-01-28 07:30:34,163 [INFO] [ConfigUtils] Successfully saved data to missing_keys_config.json.
2025-01-28 07:30:34,166 [INFO] [ConfigUtils] Successfully saved data to valid_config.json.
2025-01-28 07:30:34,168 [INFO] [ConfigUtils] Successfully saved data to missing_keys_config.json.
